<?xml version="1.0" encoding="UTF-8"?>
<!-- Generated by org.testng.reporters.JUnitReportReporter -->
<testsuite hostname="mc1junb2129" failures="0" tests="1" name="MileStone2.Milestone2_Artifact.AppTest" time="0.018" errors="0" timestamp="2022-08-05T10:56:05 GMT+05:30" skipped="0">
  <testcase classname="MileStone2.Milestone2_Artifact.AppTest" name="shouldAnswerWithTrue" time="0.018"/>
</testsuite> <!-- MileStone2.Milestone2_Artifact.AppTest -->
